<?xml version="1.0" encoding="UTF-8"?>
<!-- Generated by org.testng.reporters.JUnitReportReporter -->
<testsuite skipped="0" hostname="LAPTOP-F8GTK2MN" name="com.auto.WebAutoTest" tests="1" failures="0" timestamp="18 Jul 2020 14:34:48 GMT" time="64.859" errors="0">
  <testcase name="automateTest" time="64.859" classname="com.auto.WebAutoTest"/>
</testsuite> <!-- com.auto.WebAutoTest -->
